<?xml version="1.0" encoding="UTF-8"?>
<coverage generated="1780512331485" clover="3.2.0">
  <project timestamp="1780512331485" name="All files">
    <metrics statements="81" coveredstatements="33" conditionals="46" coveredconditionals="2" methods="25" coveredmethods="0" elements="152" coveredelements="35" complexity="0" loc="81" ncloc="81" packages="1" files="1" classes="1"/>
    <file name="server.js" path="C:\Users\xxcra\Desktop\software\server.js">
      <metrics statements="81" coveredstatements="33" conditionals="46" coveredconditionals="2" methods="25" coveredmethods="0"/>
      <line num="1" count="1" type="stmt"/>
      <line num="2" count="1" type="stmt"/>
      <line num="3" count="1" type="stmt"/>
      <line num="4" count="1" type="stmt"/>
      <line num="6" count="1" type="stmt"/>
      <line num="7" count="1" type="cond" truecount="2" falsecount="0"/>
      <line num="9" count="1" type="stmt"/>
      <line num="10" count="1" type="stmt"/>
      <line num="17" count="1" type="stmt"/>
      <line num="24" count="1" type="stmt"/>
      <line num="31" count="1" type="stmt"/>
      <line num="42" count="1" type="stmt"/>
      <line num="45" count="1" type="stmt"/>
      <line num="100" count="1" type="stmt"/>
      <line num="111" count="1" type="stmt"/>
      <line num="120" count="1" type="stmt"/>
      <line num="127" count="1" type="stmt"/>
      <line num="140" count="0" type="stmt"/>
      <line num="145" count="0" type="stmt"/>
      <line num="151" count="1" type="stmt"/>
      <line num="154" count="1" type="stmt"/>
      <line num="155" count="0" type="stmt"/>
      <line num="156" count="0" type="stmt"/>
      <line num="157" count="0" type="cond" truecount="0" falsecount="2"/>
      <line num="158" count="0" type="cond" truecount="0" falsecount="2"/>
      <line num="159" count="0" type="cond" truecount="0" falsecount="2"/>
      <line num="160" count="0" type="stmt"/>
      <line num="164" count="1" type="stmt"/>
      <line num="165" count="0" type="stmt"/>
      <line num="166" count="0" type="cond" truecount="0" falsecount="2"/>
      <line num="167" count="0" type="stmt"/>
      <line num="171" count="1" type="stmt"/>
      <line num="172" count="0" type="stmt"/>
      <line num="173" count="0" type="cond" truecount="0" falsecount="5"/>
      <line num="174" count="0" type="cond" truecount="0" falsecount="2"/>
      <line num="175" count="0" type="stmt"/>
      <line num="176" count="0" type="stmt"/>
      <line num="177" count="0" type="stmt"/>
      <line num="180" count="1" type="stmt"/>
      <line num="181" count="1" type="stmt"/>
      <line num="182" count="1" type="stmt"/>
      <line num="183" count="1" type="stmt"/>
      <line num="186" count="1" type="stmt"/>
      <line num="187" count="0" type="stmt"/>
      <line num="188" count="0" type="cond" truecount="0" falsecount="2"/>
      <line num="189" count="0" type="cond" truecount="0" falsecount="2"/>
      <line num="190" count="0" type="stmt"/>
      <line num="194" count="1" type="stmt"/>
      <line num="195" count="0" type="stmt"/>
      <line num="196" count="0" type="cond" truecount="0" falsecount="2"/>
      <line num="197" count="0" type="stmt"/>
      <line num="198" count="0" type="cond" truecount="0" falsecount="2"/>
      <line num="199" count="0" type="cond" truecount="0" falsecount="2"/>
      <line num="200" count="0" type="cond" truecount="0" falsecount="2"/>
      <line num="201" count="0" type="stmt"/>
      <line num="202" count="0" type="stmt"/>
      <line num="206" count="1" type="stmt"/>
      <line num="209" count="1" type="stmt"/>
      <line num="210" count="0" type="stmt"/>
      <line num="211" count="0" type="cond" truecount="0" falsecount="4"/>
      <line num="212" count="0" type="stmt"/>
      <line num="219" count="0" type="stmt"/>
      <line num="220" count="0" type="stmt"/>
      <line num="224" count="1" type="stmt"/>
      <line num="225" count="0" type="stmt"/>
      <line num="226" count="0" type="cond" truecount="0" falsecount="5"/>
      <line num="227" count="0" type="stmt"/>
      <line num="228" count="0" type="cond" truecount="0" falsecount="2"/>
      <line num="229" count="0" type="stmt"/>
      <line num="244" count="1" type="stmt"/>
      <line num="245" count="0" type="stmt"/>
      <line num="247" count="0" type="stmt"/>
      <line num="248" count="0" type="stmt"/>
      <line num="250" count="0" type="stmt"/>
      <line num="252" count="0" type="stmt"/>
      <line num="254" count="0" type="stmt"/>
      <line num="255" count="0" type="stmt"/>
      <line num="260" count="1" type="stmt"/>
      <line num="264" count="1" type="stmt"/>
      <line num="265" count="0" type="stmt"/>
      <line num="290" count="0" type="stmt"/>
    </file>
  </project>
</coverage>
