{"C:\\Users\\xxcra\\Desktop\\software\\server.js": {"path":"C:\\Users\\xxcra\\Desktop\\software\\server.js","statementMap":{"0":{"start":{"line":1,"column":16},"end":{"line":1,"column":34}},"1":{"start":{"line":2,"column":16},"end":{"line":2,"column":31}},"2":{"start":{"line":3,"column":16},"end":{"line":3,"column":31}},"3":{"start":{"line":4,"column":16},"end":{"line":4,"column":29}},"4":{"start":{"line":6,"column":13},"end":{"line":6,"column":22}},"5":{"start":{"line":7,"column":13},"end":{"line":7,"column":37}},"6":{"start":{"line":9,"column":0},"end":{"line":9,"column":16}},"7":{"start":{"line":10,"column":0},"end":{"line":10,"column":24}},"8":{"start":{"line":17,"column":14},"end":{"line":22,"column":1}},"9":{"start":{"line":24,"column":13},"end":{"line":29,"column":1}},"10":{"start":{"line":31,"column":15},"end":{"line":40,"column":1}},"11":{"start":{"line":42,"column":15},"end":{"line":42,"column":68}},"12":{"start":{"line":45,"column":15},"end":{"line":97,"column":1}},"13":{"start":{"line":100,"column":14},"end":{"line":108,"column":1}},"14":{"start":{"line":111,"column":21},"end":{"line":117,"column":1}},"15":{"start":{"line":120,"column":16},"end":{"line":125,"column":1}},"16":{"start":{"line":127,"column":17},"end":{"line":135,"column":1}},"17":{"start":{"line":140,"column":2},"end":{"line":140,"column":83}},"18":{"start":{"line":145,"column":2},"end":{"line":145,"column":88}},"19":{"start":{"line":151,"column":0},"end":{"line":151,"column":57}},"20":{"start":{"line":151,"column":35},"end":{"line":151,"column":55}},"21":{"start":{"line":154,"column":0},"end":{"line":161,"column":3}},"22":{"start":{"line":155,"column":40},"end":{"line":155,"column":49}},"23":{"start":{"line":156,"column":15},"end":{"line":156,"column":26}},"24":{"start":{"line":157,"column":2},"end":{"line":157,"column":66}},"25":{"start":{"line":157,"column":19},"end":{"line":157,"column":66}},"26":{"start":{"line":157,"column":47},"end":{"line":157,"column":64}},"27":{"start":{"line":158,"column":2},"end":{"line":158,"column":66}},"28":{"start":{"line":158,"column":19},"end":{"line":158,"column":66}},"29":{"start":{"line":158,"column":47},"end":{"line":158,"column":64}},"30":{"start":{"line":159,"column":2},"end":{"line":159,"column":86}},"31":{"start":{"line":159,"column":19},"end":{"line":159,"column":86}},"32":{"start":{"line":159,"column":47},"end":{"line":159,"column":84}},"33":{"start":{"line":160,"column":2},"end":{"line":160,"column":19}},"34":{"start":{"line":164,"column":0},"end":{"line":168,"column":3}},"35":{"start":{"line":165,"column":17},"end":{"line":165,"column":57}},"36":{"start":{"line":165,"column":34},"end":{"line":165,"column":56}},"37":{"start":{"line":166,"column":2},"end":{"line":166,"column":74}},"38":{"start":{"line":166,"column":15},"end":{"line":166,"column":74}},"39":{"start":{"line":167,"column":2},"end":{"line":167,"column":19}},"40":{"start":{"line":171,"column":0},"end":{"line":178,"column":3}},"41":{"start":{"line":172,"column":88},"end":{"line":172,"column":96}},"42":{"start":{"line":173,"column":2},"end":{"line":173,"column":105}},"43":{"start":{"line":173,"column":30},"end":{"line":173,"column":105}},"44":{"start":{"line":174,"column":2},"end":{"line":174,"column":104}},"45":{"start":{"line":174,"column":23},"end":{"line":174,"column":34}},"46":{"start":{"line":174,"column":37},"end":{"line":174,"column":104}},"47":{"start":{"line":175,"column":17},"end":{"line":175,"column":94}},"48":{"start":{"line":176,"column":2},"end":{"line":176,"column":22}},"49":{"start":{"line":177,"column":2},"end":{"line":177,"column":31}},"50":{"start":{"line":180,"column":0},"end":{"line":180,"column":57}},"51":{"start":{"line":180,"column":39},"end":{"line":180,"column":55}},"52":{"start":{"line":181,"column":0},"end":{"line":181,"column":57}},"53":{"start":{"line":181,"column":39},"end":{"line":181,"column":55}},"54":{"start":{"line":182,"column":0},"end":{"line":182,"column":55}},"55":{"start":{"line":182,"column":39},"end":{"line":182,"column":53}},"56":{"start":{"line":183,"column":0},"end":{"line":183,"column":59}},"57":{"start":{"line":183,"column":39},"end":{"line":183,"column":57}},"58":{"start":{"line":186,"column":0},"end":{"line":191,"column":3}},"59":{"start":{"line":187,"column":17},"end":{"line":187,"column":63}},"60":{"start":{"line":187,"column":34},"end":{"line":187,"column":62}},"61":{"start":{"line":188,"column":2},"end":{"line":188,"column":74}},"62":{"start":{"line":188,"column":15},"end":{"line":188,"column":74}},"63":{"start":{"line":189,"column":19},"end":{"line":189,"column":66}},"64":{"start":{"line":190,"column":2},"end":{"line":190,"column":33}},"65":{"start":{"line":194,"column":0},"end":{"line":203,"column":3}},"66":{"start":{"line":195,"column":25},"end":{"line":195,"column":33}},"67":{"start":{"line":196,"column":2},"end":{"line":196,"column":72}},"68":{"start":{"line":196,"column":13},"end":{"line":196,"column":72}},"69":{"start":{"line":197,"column":17},"end":{"line":197,"column":63}},"70":{"start":{"line":197,"column":34},"end":{"line":197,"column":62}},"71":{"start":{"line":198,"column":2},"end":{"line":198,"column":74}},"72":{"start":{"line":198,"column":15},"end":{"line":198,"column":74}},"73":{"start":{"line":199,"column":2},"end":{"line":199,"column":82}},"74":{"start":{"line":199,"column":35},"end":{"line":199,"column":82}},"75":{"start":{"line":200,"column":14},"end":{"line":200,"column":74}},"76":{"start":{"line":201,"column":2},"end":{"line":201,"column":39}},"77":{"start":{"line":202,"column":2},"end":{"line":202,"column":28}},"78":{"start":{"line":206,"column":0},"end":{"line":206,"column":57}},"79":{"start":{"line":206,"column":38},"end":{"line":206,"column":55}},"80":{"start":{"line":209,"column":0},"end":{"line":221,"column":3}},"81":{"start":{"line":210,"column":52},"end":{"line":210,"column":60}},"82":{"start":{"line":211,"column":2},"end":{"line":211,"column":95}},"83":{"start":{"line":211,"column":24},"end":{"line":211,"column":95}},"84":{"start":{"line":212,"column":16},"end":{"line":218,"column":3}},"85":{"start":{"line":219,"column":2},"end":{"line":219,"column":25}},"86":{"start":{"line":220,"column":2},"end":{"line":220,"column":30}},"87":{"start":{"line":224,"column":0},"end":{"line":238,"column":3}},"88":{"start":{"line":225,"column":46},"end":{"line":225,"column":54}},"89":{"start":{"line":226,"column":2},"end":{"line":226,"column":117}},"90":{"start":{"line":226,"column":36},"end":{"line":226,"column":117}},"91":{"start":{"line":227,"column":17},"end":{"line":227,"column":52}},"92":{"start":{"line":227,"column":34},"end":{"line":227,"column":51}},"93":{"start":{"line":228,"column":2},"end":{"line":228,"column":74}},"94":{"start":{"line":228,"column":15},"end":{"line":228,"column":74}},"95":{"start":{"line":229,"column":2},"end":{"line":237,"column":5}},"96":{"start":{"line":244,"column":0},"end":{"line":256,"column":3}},"97":{"start":{"line":245,"column":19},"end":{"line":245,"column":58}},"98":{"start":{"line":247,"column":2},"end":{"line":251,"column":3}},"99":{"start":{"line":248,"column":4},"end":{"line":248,"column":45}},"100":{"start":{"line":250,"column":4},"end":{"line":250,"column":66}},"101":{"start":{"line":252,"column":20},"end":{"line":252,"column":94}},"102":{"start":{"line":254,"column":2},"end":{"line":254,"column":70}},"103":{"start":{"line":255,"column":2},"end":{"line":255,"column":17}},"104":{"start":{"line":260,"column":0},"end":{"line":260,"column":46}},"105":{"start":{"line":264,"column":0},"end":{"line":291,"column":3}},"106":{"start":{"line":265,"column":2},"end":{"line":288,"column":5}},"107":{"start":{"line":290,"column":2},"end":{"line":290,"column":23}}},"fnMap":{"0":{"name":"now","decl":{"start":{"line":139,"column":9},"end":{"line":139,"column":12}},"loc":{"start":{"line":139,"column":15},"end":{"line":141,"column":1}},"line":139},"1":{"name":"snapshot","decl":{"start":{"line":143,"column":9},"end":{"line":143,"column":17}},"loc":{"start":{"line":143,"column":20},"end":{"line":146,"column":1}},"line":143},"2":{"name":"(anonymous_2)","decl":{"start":{"line":151,"column":21},"end":{"line":151,"column":22}},"loc":{"start":{"line":151,"column":35},"end":{"line":151,"column":55}},"line":151},"3":{"name":"(anonymous_3)","decl":{"start":{"line":154,"column":24},"end":{"line":154,"column":25}},"loc":{"start":{"line":154,"column":38},"end":{"line":161,"column":1}},"line":154},"4":{"name":"(anonymous_4)","decl":{"start":{"line":157,"column":42},"end":{"line":157,"column":43}},"loc":{"start":{"line":157,"column":47},"end":{"line":157,"column":64}},"line":157},"5":{"name":"(anonymous_5)","decl":{"start":{"line":158,"column":42},"end":{"line":158,"column":43}},"loc":{"start":{"line":158,"column":47},"end":{"line":158,"column":64}},"line":158},"6":{"name":"(anonymous_6)","decl":{"start":{"line":159,"column":42},"end":{"line":159,"column":43}},"loc":{"start":{"line":159,"column":47},"end":{"line":159,"column":84}},"line":159},"7":{"name":"(anonymous_7)","decl":{"start":{"line":164,"column":28},"end":{"line":164,"column":29}},"loc":{"start":{"line":164,"column":42},"end":{"line":168,"column":1}},"line":164},"8":{"name":"(anonymous_8)","decl":{"start":{"line":165,"column":29},"end":{"line":165,"column":30}},"loc":{"start":{"line":165,"column":34},"end":{"line":165,"column":56}},"line":165},"9":{"name":"(anonymous_9)","decl":{"start":{"line":171,"column":25},"end":{"line":171,"column":26}},"loc":{"start":{"line":171,"column":39},"end":{"line":178,"column":1}},"line":171},"10":{"name":"(anonymous_10)","decl":{"start":{"line":174,"column":18},"end":{"line":174,"column":19}},"loc":{"start":{"line":174,"column":23},"end":{"line":174,"column":34}},"line":174},"11":{"name":"(anonymous_11)","decl":{"start":{"line":180,"column":25},"end":{"line":180,"column":26}},"loc":{"start":{"line":180,"column":39},"end":{"line":180,"column":55}},"line":180},"12":{"name":"(anonymous_12)","decl":{"start":{"line":181,"column":25},"end":{"line":181,"column":26}},"loc":{"start":{"line":181,"column":39},"end":{"line":181,"column":55}},"line":181},"13":{"name":"(anonymous_13)","decl":{"start":{"line":182,"column":25},"end":{"line":182,"column":26}},"loc":{"start":{"line":182,"column":39},"end":{"line":182,"column":53}},"line":182},"14":{"name":"(anonymous_14)","decl":{"start":{"line":183,"column":25},"end":{"line":183,"column":26}},"loc":{"start":{"line":183,"column":39},"end":{"line":183,"column":57}},"line":183},"15":{"name":"(anonymous_15)","decl":{"start":{"line":186,"column":31},"end":{"line":186,"column":32}},"loc":{"start":{"line":186,"column":45},"end":{"line":191,"column":1}},"line":186},"16":{"name":"(anonymous_16)","decl":{"start":{"line":187,"column":29},"end":{"line":187,"column":30}},"loc":{"start":{"line":187,"column":34},"end":{"line":187,"column":62}},"line":187},"17":{"name":"(anonymous_17)","decl":{"start":{"line":194,"column":32},"end":{"line":194,"column":33}},"loc":{"start":{"line":194,"column":46},"end":{"line":203,"column":1}},"line":194},"18":{"name":"(anonymous_18)","decl":{"start":{"line":197,"column":29},"end":{"line":197,"column":30}},"loc":{"start":{"line":197,"column":34},"end":{"line":197,"column":62}},"line":197},"19":{"name":"(anonymous_19)","decl":{"start":{"line":206,"column":24},"end":{"line":206,"column":25}},"loc":{"start":{"line":206,"column":38},"end":{"line":206,"column":55}},"line":206},"20":{"name":"(anonymous_20)","decl":{"start":{"line":209,"column":25},"end":{"line":209,"column":26}},"loc":{"start":{"line":209,"column":39},"end":{"line":221,"column":1}},"line":209},"21":{"name":"(anonymous_21)","decl":{"start":{"line":224,"column":22},"end":{"line":224,"column":23}},"loc":{"start":{"line":224,"column":36},"end":{"line":238,"column":1}},"line":224},"22":{"name":"(anonymous_22)","decl":{"start":{"line":227,"column":29},"end":{"line":227,"column":30}},"loc":{"start":{"line":227,"column":34},"end":{"line":227,"column":51}},"line":227},"23":{"name":"(anonymous_23)","decl":{"start":{"line":244,"column":13},"end":{"line":244,"column":14}},"loc":{"start":{"line":244,"column":27},"end":{"line":256,"column":1}},"line":244},"24":{"name":"(anonymous_24)","decl":{"start":{"line":264,"column":17},"end":{"line":264,"column":18}},"loc":{"start":{"line":264,"column":23},"end":{"line":291,"column":1}},"line":264}},"branchMap":{"0":{"loc":{"start":{"line":7,"column":13},"end":{"line":7,"column":37}},"type":"binary-expr","locations":[{"start":{"line":7,"column":13},"end":{"line":7,"column":29}},{"start":{"line":7,"column":33},"end":{"line":7,"column":37}}],"line":7},"1":{"loc":{"start":{"line":157,"column":2},"end":{"line":157,"column":66}},"type":"if","locations":[{"start":{"line":157,"column":2},"end":{"line":157,"column":66}},{"start":{},"end":{}}],"line":157},"2":{"loc":{"start":{"line":158,"column":2},"end":{"line":158,"column":66}},"type":"if","locations":[{"start":{"line":158,"column":2},"end":{"line":158,"column":66}},{"start":{},"end":{}}],"line":158},"3":{"loc":{"start":{"line":159,"column":2},"end":{"line":159,"column":86}},"type":"if","locations":[{"start":{"line":159,"column":2},"end":{"line":159,"column":86}},{"start":{},"end":{}}],"line":159},"4":{"loc":{"start":{"line":166,"column":2},"end":{"line":166,"column":74}},"type":"if","locations":[{"start":{"line":166,"column":2},"end":{"line":166,"column":74}},{"start":{},"end":{}}],"line":166},"5":{"loc":{"start":{"line":173,"column":2},"end":{"line":173,"column":105}},"type":"if","locations":[{"start":{"line":173,"column":2},"end":{"line":173,"column":105}},{"start":{},"end":{}}],"line":173},"6":{"loc":{"start":{"line":173,"column":6},"end":{"line":173,"column":28}},"type":"binary-expr","locations":[{"start":{"line":173,"column":6},"end":{"line":173,"column":9}},{"start":{"line":173,"column":13},"end":{"line":173,"column":18}},{"start":{"line":173,"column":22},"end":{"line":173,"column":28}}],"line":173},"7":{"loc":{"start":{"line":174,"column":2},"end":{"line":174,"column":104}},"type":"if","locations":[{"start":{"line":174,"column":2},"end":{"line":174,"column":104}},{"start":{},"end":{}}],"line":174},"8":{"loc":{"start":{"line":188,"column":2},"end":{"line":188,"column":74}},"type":"if","locations":[{"start":{"line":188,"column":2},"end":{"line":188,"column":74}},{"start":{},"end":{}}],"line":188},"9":{"loc":{"start":{"line":189,"column":19},"end":{"line":189,"column":66}},"type":"binary-expr","locations":[{"start":{"line":189,"column":19},"end":{"line":189,"column":45}},{"start":{"line":189,"column":49},"end":{"line":189,"column":66}}],"line":189},"10":{"loc":{"start":{"line":196,"column":2},"end":{"line":196,"column":72}},"type":"if","locations":[{"start":{"line":196,"column":2},"end":{"line":196,"column":72}},{"start":{},"end":{}}],"line":196},"11":{"loc":{"start":{"line":198,"column":2},"end":{"line":198,"column":74}},"type":"if","locations":[{"start":{"line":198,"column":2},"end":{"line":198,"column":74}},{"start":{},"end":{}}],"line":198},"12":{"loc":{"start":{"line":199,"column":2},"end":{"line":199,"column":82}},"type":"if","locations":[{"start":{"line":199,"column":2},"end":{"line":199,"column":82}},{"start":{},"end":{}}],"line":199},"13":{"loc":{"start":{"line":200,"column":22},"end":{"line":200,"column":53}},"type":"cond-expr","locations":[{"start":{"line":200,"column":40},"end":{"line":200,"column":46}},{"start":{"line":200,"column":49},"end":{"line":200,"column":53}}],"line":200},"14":{"loc":{"start":{"line":211,"column":2},"end":{"line":211,"column":95}},"type":"if","locations":[{"start":{"line":211,"column":2},"end":{"line":211,"column":95}},{"start":{},"end":{}}],"line":211},"15":{"loc":{"start":{"line":211,"column":6},"end":{"line":211,"column":22}},"type":"binary-expr","locations":[{"start":{"line":211,"column":6},"end":{"line":211,"column":12}},{"start":{"line":211,"column":16},"end":{"line":211,"column":22}}],"line":211},"16":{"loc":{"start":{"line":216,"column":10},"end":{"line":216,"column":23}},"type":"binary-expr","locations":[{"start":{"line":216,"column":10},"end":{"line":216,"column":17}},{"start":{"line":216,"column":21},"end":{"line":216,"column":23}}],"line":216},"17":{"loc":{"start":{"line":217,"column":14},"end":{"line":217,"column":29}},"type":"binary-expr","locations":[{"start":{"line":217,"column":14},"end":{"line":217,"column":22}},{"start":{"line":217,"column":26},"end":{"line":217,"column":29}}],"line":217},"18":{"loc":{"start":{"line":226,"column":2},"end":{"line":226,"column":117}},"type":"if","locations":[{"start":{"line":226,"column":2},"end":{"line":226,"column":117}},{"start":{},"end":{}}],"line":226},"19":{"loc":{"start":{"line":226,"column":6},"end":{"line":226,"column":34}},"type":"binary-expr","locations":[{"start":{"line":226,"column":6},"end":{"line":226,"column":15}},{"start":{"line":226,"column":19},"end":{"line":226,"column":24}},{"start":{"line":226,"column":28},"end":{"line":226,"column":34}}],"line":226},"20":{"loc":{"start":{"line":228,"column":2},"end":{"line":228,"column":74}},"type":"if","locations":[{"start":{"line":228,"column":2},"end":{"line":228,"column":74}},{"start":{},"end":{}}],"line":228},"21":{"loc":{"start":{"line":235,"column":14},"end":{"line":235,"column":30}},"type":"binary-expr","locations":[{"start":{"line":235,"column":14},"end":{"line":235,"column":22}},{"start":{"line":235,"column":26},"end":{"line":235,"column":30}}],"line":235}},"s":{"0":1,"1":1,"2":1,"3":1,"4":1,"5":1,"6":1,"7":1,"8":1,"9":1,"10":1,"11":1,"12":1,"13":1,"14":1,"15":1,"16":1,"17":0,"18":0,"19":1,"20":0,"21":1,"22":0,"23":0,"24":0,"25":0,"26":0,"27":0,"28":0,"29":0,"30":0,"31":0,"32":0,"33":0,"34":1,"35":0,"36":0,"37":0,"38":0,"39":0,"40":1,"41":0,"42":0,"43":0,"44":0,"45":0,"46":0,"47":0,"48":0,"49":0,"50":1,"51":0,"52":1,"53":0,"54":1,"55":0,"56":1,"57":0,"58":1,"59":0,"60":0,"61":0,"62":0,"63":0,"64":0,"65":1,"66":0,"67":0,"68":0,"69":0,"70":0,"71":0,"72":0,"73":0,"74":0,"75":0,"76":0,"77":0,"78":1,"79":0,"80":1,"81":0,"82":0,"83":0,"84":0,"85":0,"86":0,"87":1,"88":0,"89":0,"90":0,"91":0,"92":0,"93":0,"94":0,"95":0,"96":1,"97":0,"98":0,"99":0,"100":0,"101":0,"102":0,"103":0,"104":1,"105":1,"106":0,"107":0},"f":{"0":0,"1":0,"2":0,"3":0,"4":0,"5":0,"6":0,"7":0,"8":0,"9":0,"10":0,"11":0,"12":0,"13":0,"14":0,"15":0,"16":0,"17":0,"18":0,"19":0,"20":0,"21":0,"22":0,"23":0,"24":0},"b":{"0":[1,1],"1":[0,0],"2":[0,0],"3":[0,0],"4":[0,0],"5":[0,0],"6":[0,0,0],"7":[0,0],"8":[0,0],"9":[0,0],"10":[0,0],"11":[0,0],"12":[0,0],"13":[0,0],"14":[0,0],"15":[0,0],"16":[0,0],"17":[0,0],"18":[0,0],"19":[0,0,0],"20":[0,0],"21":[0,0]},"_coverageSchema":"1a1c01bbd47fc00a2c39e90264f33305004495a9","hash":"9b545fd5754a13d292e399af8501e6da1fb503f5"}
}
