TN:
SF:server.js
FN:139,now
FN:143,snapshot
FN:151,(anonymous_2)
FN:154,(anonymous_3)
FN:157,(anonymous_4)
FN:158,(anonymous_5)
FN:159,(anonymous_6)
FN:164,(anonymous_7)
FN:165,(anonymous_8)
FN:171,(anonymous_9)
FN:174,(anonymous_10)
FN:180,(anonymous_11)
FN:181,(anonymous_12)
FN:182,(anonymous_13)
FN:183,(anonymous_14)
FN:186,(anonymous_15)
FN:187,(anonymous_16)
FN:194,(anonymous_17)
FN:197,(anonymous_18)
FN:206,(anonymous_19)
FN:209,(anonymous_20)
FN:224,(anonymous_21)
FN:227,(anonymous_22)
FN:244,(anonymous_23)
FN:264,(anonymous_24)
FNF:25
FNH:0
FNDA:0,now
FNDA:0,snapshot
FNDA:0,(anonymous_2)
FNDA:0,(anonymous_3)
FNDA:0,(anonymous_4)
FNDA:0,(anonymous_5)
FNDA:0,(anonymous_6)
FNDA:0,(anonymous_7)
FNDA:0,(anonymous_8)
FNDA:0,(anonymous_9)
FNDA:0,(anonymous_10)
FNDA:0,(anonymous_11)
FNDA:0,(anonymous_12)
FNDA:0,(anonymous_13)
FNDA:0,(anonymous_14)
FNDA:0,(anonymous_15)
FNDA:0,(anonymous_16)
FNDA:0,(anonymous_17)
FNDA:0,(anonymous_18)
FNDA:0,(anonymous_19)
FNDA:0,(anonymous_20)
FNDA:0,(anonymous_21)
FNDA:0,(anonymous_22)
FNDA:0,(anonymous_23)
FNDA:0,(anonymous_24)
DA:1,1
DA:2,1
DA:3,1
DA:4,1
DA:6,1
DA:7,1
DA:9,1
DA:10,1
DA:17,1
DA:24,1
DA:31,1
DA:42,1
DA:45,1
DA:100,1
DA:111,1
DA:120,1
DA:127,1
DA:140,0
DA:145,0
DA:151,1
DA:154,1
DA:155,0
DA:156,0
DA:157,0
DA:158,0
DA:159,0
DA:160,0
DA:164,1
DA:165,0
DA:166,0
DA:167,0
DA:171,1
DA:172,0
DA:173,0
DA:174,0
DA:175,0
DA:176,0
DA:177,0
DA:180,1
DA:181,1
DA:182,1
DA:183,1
DA:186,1
DA:187,0
DA:188,0
DA:189,0
DA:190,0
DA:194,1
DA:195,0
DA:196,0
DA:197,0
DA:198,0
DA:199,0
DA:200,0
DA:201,0
DA:202,0
DA:206,1
DA:209,1
DA:210,0
DA:211,0
DA:212,0
DA:219,0
DA:220,0
DA:224,1
DA:225,0
DA:226,0
DA:227,0
DA:228,0
DA:229,0
DA:244,1
DA:245,0
DA:247,0
DA:248,0
DA:250,0
DA:252,0
DA:254,0
DA:255,0
DA:260,1
DA:264,1
DA:265,0
DA:290,0
LF:81
LH:33
BRDA:7,0,0,1
BRDA:7,0,1,1
BRDA:157,1,0,0
BRDA:157,1,1,0
BRDA:158,2,0,0
BRDA:158,2,1,0
BRDA:159,3,0,0
BRDA:159,3,1,0
BRDA:166,4,0,0
BRDA:166,4,1,0
BRDA:173,5,0,0
BRDA:173,5,1,0
BRDA:173,6,0,0
BRDA:173,6,1,0
BRDA:173,6,2,0
BRDA:174,7,0,0
BRDA:174,7,1,0
BRDA:188,8,0,0
BRDA:188,8,1,0
BRDA:189,9,0,0
BRDA:189,9,1,0
BRDA:196,10,0,0
BRDA:196,10,1,0
BRDA:198,11,0,0
BRDA:198,11,1,0
BRDA:199,12,0,0
BRDA:199,12,1,0
BRDA:200,13,0,0
BRDA:200,13,1,0
BRDA:211,14,0,0
BRDA:211,14,1,0
BRDA:211,15,0,0
BRDA:211,15,1,0
BRDA:216,16,0,0
BRDA:216,16,1,0
BRDA:217,17,0,0
BRDA:217,17,1,0
BRDA:226,18,0,0
BRDA:226,18,1,0
BRDA:226,19,0,0
BRDA:226,19,1,0
BRDA:226,19,2,0
BRDA:228,20,0,0
BRDA:228,20,1,0
BRDA:235,21,0,0
BRDA:235,21,1,0
BRF:46
BRH:2
end_of_record
